Starting all experiments
performing experiment set: 1/23
performing experiment set: 2/23
performing experiment set: 3/23
performing experiment set: 4/23
performing experiment set: 5/23
performing experiment set: 6/23
performing experiment set: 7/23
performing experiment set: 8/23
performing experiment set: 9/23
performing experiment set: 10/23
performing experiment set: 11/23
performing experiment set: 12/23
performing experiment set: 13/23
srun: Job 4974963 step creation temporarily disabled, retrying (Requested nodes are busy)
srun: Step created for job 4974963
performing experiment set: 14/23
performing experiment set: 15/23
performing experiment set: 16/23
performing experiment set: 17/23
performing experiment set: 18/23
srun: error: Unable to create step for job 4974963: Job/step already completing or completed
srun: error: Unable to create step for job 4974963: Job/step already completing or completed
srun: error: Unable to create step for job 4974963: Job/step already completing or completed
performing experiment set: 19/23
srun: error: Unable to create step for job 4974963: Job/step already completing or completed
srun: error: Unable to create step for job 4974963: Job/step already completing or completed
srun: error: Unable to create step for job 4974963: Job/step already completing or completed
srun: error: Unable to create step for job 4974963: Job/step already completing or completed
srun: error: Unable to create step for job 4974963: Job/step already completing or completed
srun: error: Unable to create step for job 4974963: Job/step already completing or completed
srun: error: Unable to create step for job 4974963: Job/step already completing or completed
srun: error: Unable to create step for job 4974963: Job/step already completing or completed
srun: error: Unable to create step for job 4974963: Job/step already completing or completed
srun: error: Unable to create step for job 4974963: Job/step already completing or completed
srun: error: Unable to create step for job 4974963: Job/step already completing or completed
srun: error: Unable to create step for job 4974963: Job/step already completing or completed
srun: error: Unable to create step for job 4974963: Job/step already completing or completed
srun: error: Unable to create step for job 4974963: Job/step already completing or completed
srun: error: Unable to create step for job 4974963: Job/step already completing or completed
srun: error: Unable to create step for job 4974963: Job/step already completing or completed
srun: error: Unable to create step for job 4974963: Job/step already completing or completed
srun: error: Unable to create step for job 4974963: Job/step already completing or completed
performing experiment set: 20/23
srun: error: Unable to create step for job 4974963: Job/step already completing or completed
srun: error: Unable to create step for job 4974963: Job/step already completing or completed
srun: error: Unable to create step for job 4974963: Job/step already completing or completed
srun: error: Unable to create step for job 4974963: Job/step already completing or completed
srun: error: Unable to create step for job 4974963: Job/step already completing or completed
srun: error: Unable to create step for job 4974963: Job/step already completing or completed
srun: error: Unable to create step for job 4974963: Job/step already completing or completed
srun: error: Unable to create step for job 4974963: Job/step already completing or completed
srun: error: Unable to create step for job 4974963: Job/step already completing or completed
srun: error: Unable to create step for job 4974963: Job/step already completing or completed
srun: error: Unable to create step for job 4974963: Job/step already completing or completed
srun: error: Unable to create step for job 4974963: Job/step already completing or completed
srun: error: Unable to create step for job 4974963: Job/step already completing or completed
srun: error: Unable to create step for job 4974963: Job/step already completing or completed
srun: error: Unable to create step for job 4974963: Job/step already completing or completed
srun: error: Unable to create step for job 4974963: Job/step already completing or completed
srun: error: Unable to create step for job 4974963: Job/step already completing or completed
srun: error: Unable to create step for job 4974963: Job/step already completing or completed
performing experiment set: 21/23
srun: error: Unable to create step for job 4974963: Job/step already completing or completed
srun: error: Unable to create step for job 4974963: Job/step already completing or completed
srun: error: Unable to create step for job 4974963: Job/step already completing or completed
srun: error: Unable to create step for job 4974963: Job/step already completing or completed
srun: error: Unable to create step for job 4974963: Job/step already completing or completed
srun: error: Unable to create step for job 4974963: Job/step already completing or completed
srun: error: Unable to create step for job 4974963: Job/step already completing or completed
srun: error: Unable to create step for job 4974963: Job/step already completing or completed
srun: error: Unable to create step for job 4974963: Job/step already completing or completed
srun: error: Unable to create step for job 4974963: Job/step already completing or completed
srun: error: Unable to create step for job 4974963: Job/step already completing or completed
srun: error: Unable to create step for job 4974963: Job/step already completing or completed
srun: error: Unable to create step for job 4974963: Job/step already completing or completed
srun: error: Unable to create step for job 4974963: Job/step already completing or completed
srun: error: Unable to create step for job 4974963: Job/step already completing or completed
srun: error: Unable to create step for job 4974963: Job/step already completing or completed
srun: error: Unable to create step for job 4974963: Job/step already completing or completed
srun: error: Unable to create step for job 4974963: Job/step already completing or completed
performing experiment set: 22/23
srun: error: Unable to create step for job 4974963: Job/step already completing or completed
srun: error: Unable to create step for job 4974963: Job/step already completing or completed
srun: error: Unable to create step for job 4974963: Job/step already completing or completed
srun: error: Unable to create step for job 4974963: Job/step already completing or completed
srun: error: Unable to create step for job 4974963: Job/step already completing or completed
srun: error: Unable to create step for job 4974963: Job/step already completing or completed
srun: error: Unable to create step for job 4974963: Job/step already completing or completed
srun: error: Unable to create step for job 4974963: Job/step already completing or completed
srun: error: Unable to create step for job 4974963: Job/step already completing or completed
srun: error: Unable to create step for job 4974963: Job/step already completing or completed
srun: error: Unable to create step for job 4974963: Job/step already completing or completed
srun: error: Unable to create step for job 4974963: Job/step already completing or completed
srun: error: Unable to create step for job 4974963: Job/step already completing or completed
srun: error: Unable to create step for job 4974963: Job/step already completing or completed
srun: error: Unable to create step for job 4974963: Job/step already completing or completed
srun: error: Unable to create step for job 4974963: Job/step already completing or completed
srun: error: Unable to create step for job 4974963: Job/step already completing or completed
srun: error: Unable to create step for job 4974963: Job/step already completing or completed
performing experiment set: 23/23
Finished all experiments
